[23:31:41] [Render thread/INFO] [JMLogger] JourneyMap log initialized.
[23:31:41] [Render thread/INFO] [JourneymapClient] initialize ENTER
[23:31:41] [Render thread/INFO] [ClientAPI] [ClientAPI] built with JourneyMap API 1.9-SNAPSHOT
[23:31:41] [Render thread/INFO] [PluginHelper] Initializing plugins with Client API: journeymap.client.api.impl.ClientAPI
[23:31:41] [Render thread/INFO] [PluginHelper] Initialized IClientPlugin: com.minecolonies.coremod.compatibility.journeymap.JourneymapPlugin
[23:31:41] [Render thread/INFO] [PluginHelper] Initialized IClientPlugin: net.blay09.mods.waystones.compat.JourneyMapAddon
[23:31:41] [Render thread/INFO] [PluginHelper] Initialized IClientPlugin: com.anthonyhilyard.merchantmarkers.compat.JourneymapHandler
[23:31:41] [Render thread/INFO] [?] Version: JourneyMap 1.19.2-5.9.0, built with forge 1.19.2-43.1.52
forge: 43.1.55
Environment: os.name, os.arch, java.version, user.country, user.language=null, game language=en_us, locale=en_us
Features: 
	RadarPlayers : singleplayer = true , multiplayer = true
	RadarAnimals : singleplayer = true , multiplayer = true
	RadarMobs : singleplayer = true , multiplayer = true
	RadarVillagers : singleplayer = true , multiplayer = true
	MapTopo : singleplayer = true , multiplayer = true
	MapSurface : singleplayer = true , multiplayer = true
	MapCaves : singleplayer = true , multiplayer = true
	MapBiome : singleplayer = true , multiplayer = true
MiniMapProperties{state=Valid, file=journeymap.minimap.config, configVersion=5.9.0, zoomLevel=0, compassFontScale=1.5, terrainAlpha=100, showEntityNames=true, positionX=0.9, positionY=0.25, effectVertical=false, showPlayerHeading=true, sizePercent=30, playerDisplayScale=1.0, showDayNight=true, showPets=true, preferredMapType=day, showCompass=true, mobDisplay=jm.common.entity_display.icons, systemTimeRealFormat=HH:mm:ss, shape=jm.minimap.shape_square, showSelf=true, selfDisplayScale=1.0, showGrid=false, reticleOrientation=jm.minimap.orientation.compass, gameTimeRealFormat=HH:mm:ss, effectTranslateX=0, showWaypoints=true, minimapKeyMovementSpeed=0.001, showAnimals=true, infoSlotAlpha=0.7, effectTranslateY=0, showWaypointLabels=true, moveEffectIcons=true, position=jm.minimap.position_topright, fontScale=1.7, showPlayers=true, waypointIconScale=1.0, frameAlpha=100, effectReversed=false, backgroundAlpha=0.8, enabled=true, showVillagers=true, info2Label=com.minecolonies.coremod.journeymap.currentcolony, info3Label=jm.theme.labelsource.location, showMobs=true, waypointLabelScale=1.0, showReticle=true, orientation=jm.minimap.orientation.north, info4Label=jm.theme.labelsource.biome, locationFormat=xyz, playerDisplay=jm.common.entity_display.icons, mobDisplayScale=1.0, showCaves=true, showMobHeading=true, locationFormatVerbose=true, info1Label=jm.theme.labelsource.blank}
MiniMapProperties{state=Valid, file=journeymap.minimap2.config, configVersion=5.9.0, zoomLevel=0, compassFontScale=1.0, terrainAlpha=100, showEntityNames=true, positionX=0.9, positionY=0.25, effectVertical=false, showPlayerHeading=true, sizePercent=30, playerDisplayScale=1.0, showDayNight=true, showPets=true, preferredMapType=day, showCompass=true, mobDisplay=jm.common.entity_display.dots, systemTimeRealFormat=HH:mm:ss, shape=jm.minimap.shape_rectangle, showSelf=true, selfDisplayScale=1.0, showGrid=true, reticleOrientation=jm.minimap.orientation.compass, gameTimeRealFormat=HH:mm:ss, effectTranslateX=0, showWaypoints=true, minimapKeyMovementSpeed=0.001, showAnimals=true, infoSlotAlpha=0.7, effectTranslateY=0, showWaypointLabels=true, moveEffectIcons=true, position=jm.minimap.position_topright, fontScale=1.0, showPlayers=true, waypointIconScale=1.0, frameAlpha=100, effectReversed=false, backgroundAlpha=0.8, enabled=true, showVillagers=true, info2Label=jm.theme.labelsource.gametime, info3Label=jm.theme.labelsource.location, showMobs=true, waypointLabelScale=1.0, showReticle=true, orientation=jm.minimap.orientation.north, info4Label=jm.theme.labelsource.biome, locationFormat=xzyv, playerDisplay=jm.common.entity_display.dots, mobDisplayScale=1.0, showCaves=true, showMobHeading=true, locationFormatVerbose=true, info1Label=jm.theme.labelsource.blank}
FullMapProperties{state=Valid, file=journeymap.fullmap.config, configVersion=5.9.0, zoomLevel=1, showPlayers=true, waypointIconScale=1.0, showEntityNames=true, showPlayerHeading=true, showVillagers=true, showPlayerLoc=true, showKeys=true, playerDisplayScale=1.5, showMobs=true, showPets=true, waypointLabelScale=1.0, preferredMapType=day, mobDisplay=jm.common.entity_display.icons, showSelf=true, locationFormat=xzyv, playerDisplay=jm.common.entity_display.icons, mobDisplayScale=1.0, selfDisplayScale=1.0, showGrid=false, showMouseLoc=true, showWaypoints=true, showCaves=true, showAnimals=true, dragScale=1, showMobHeading=true, showWaypointLabels=true, locationFormatVerbose=true, fontScale=2.0}
WaypointProperties{state=Valid, file=journeymap.waypoint.config, configVersion=5.9.0, autoRemoveDeathpointDistance=2, dateFormat=MM-dd-yyyy, autoRemoveDeathpoints=false, fullscreenDoubleClickToCreate=true, managerDimensionFocus=false, minDistance=4, boldLabel=true, textureSmall=true, showDeathpointlabel=true, beaconEnabled=true, createDeathpoints=true, showName=true, disableStrikeThrough=false, maxDistance=0, autoHideLabel=true, autoRemoveTempWaypoints=2, teleportCommand=/tp {name} {x} {y} {z}, showStaticBeam=true, shaderBeacon=false, timeFormat=HH:mm:ss, showDeviationLabel=false, showDistance=true, showRotatingBeam=true, fontScale=2.0, showTexture=true, managerEnabled=true}
WebMapProperties{state=Valid, file=journeymap.webmap.config, configVersion=5.9.0, port=8080, enabled=false}
CoreProperties{state=Valid, file=journeymap.core.config, configVersion=5.9.0, verboseColorPalette=false, maxPlayersData=32, mapSurfaceAboveCaves=true, dataCachingEnabled=true, optionsManagerViewed=5.9.0beta3, announceMod=false, colorPassive=#bbbbbb, mapBlendWater=false, renderDistanceSurfaceMax=0, seedId=false, radarVerticalDistance=16, mapBlendGrass=true, recordCacheStats=false, hideSneakingEntities=true, revealShape=jm.minimap.shape_circle, mapBiome=true, alwaysMapSurface=false, colorVillager=#88e188, mapPlants=false, colorPet=#0077ff, radarLateralDistance=64, mapBathymetry=false, mapCrops=true, maxMobsData=32, mapPlantShadows=false, alwaysMapCaves=false, checkUpdates=false, mapBlendFoliage=true, hideSpectators=false, mappingEnabled=true, colorPlayer=#ffffff, tileHighDisplayQuality=true, cacheVillagersData=2200, logLevel=INFO, maxVillagersData=32, mapWaterBiomeColors=false, maxAnimalsData=32, mapTransparency=true, caveBlackAsClear=false, tileRenderType=1, caveIgnoreGlass=true, mapTopography=true, renderDistanceCaveMax=0, mapAntialiasing=true, colorSelf=#0000ff, cachePlayersData=2000, cacheMobsData=3000, cachePlayerData=1000, splashViewed=5.9.0beta3, colorHostile=#ff0000, cacheAnimalsData=3100, themeName=OceanMonument, mapCaveLighting=true, renderDelay=2, glErrorChecking=false, autoMapPoll=2000}
[23:31:42] [Render thread/INFO] [JourneymapClient] initialize EXIT, elapsed count 1 avg 481.26ms
[23:32:00] [Render thread/INFO] [JourneymapClient] Journeymap PostInit
[23:32:00] [Render thread/ERROR] [FileHandler] Couldn't locate icons for flat: C:\Users\user\curseforge\minecraft\Instances\Builders%20and%20Towns\mods\journeymap-1.19.2-5.9.0-forge.jar\assets\journeymap\theme\flat
[23:32:00] [Render thread/INFO] [ThemeLoader] Preloaded theme textures: 73
[23:32:00] [Render thread/INFO] [VersionCheck] Update check disabled in properties file.
[23:32:00] [Render thread/INFO] [JourneymapClient] postInitialize EXIT, elapsed count 1 avg 96.34ms
[23:32:41] [Server thread/INFO] [ForgeConfig] Loading JourneyMap Forge Configs
[23:33:20] [Render thread/INFO] [ModBlockDelegate] Custom modded block handling enabled for projectvibrantjourneys
[23:33:20] [Render thread/INFO] [WaypointStore] Loaded 0 waypoints from C:\Users\user\curseforge\minecraft\Instances\Builders and Towns\journeymap\data\sp\New World\waypoints
[23:33:20] [Render thread/INFO] [JourneymapClient] Mapping started in C:\Users\user\curseforge\minecraft\Instances\Builders and Towns\journeymap\data\sp\New World\overworld. Memory: 6452MB total, 2838MB free 
[23:36:30] [Render thread/ERROR] [JMLogger] java.lang.NullPointerException: Cannot invoke "com.pikachu.mods.vanilla_animations.interfaces.IGeoReplacedEntity.getMob()" because "object" is null
	at TRANSFORMER/vanilla_animations@1.19.2-0.0.2-alpha/com.pikachu.mods.vanilla_animations.client.models.undead.VAZombieModel.getTextureResource(VAZombieModel.java:36)
	at TRANSFORMER/vanilla_animations@1.19.2-0.0.2-alpha/com.pikachu.mods.vanilla_animations.client.renderers.geo.ModGeoReplacedEntityRenderer.getTextureLocation(ModGeoReplacedEntityRenderer.java:340)
	at TRANSFORMER/vanilla_animations@1.19.2-0.0.2-alpha/com.pikachu.mods.vanilla_animations.client.renderers.geo.ModGeoReplacedEntityRenderer.m_5478_(ModGeoReplacedEntityRenderer.java:240)
	at TRANSFORMER/journeymap@5.9.0/journeymap.client.render.RenderFacade.getEntityTexture(RenderFacade.java:33)
	at TRANSFORMER/journeymap@5.9.0/journeymap.client.model.EntityHelper.getIconTextureLocation(EntityHelper.java:334)
	at TRANSFORMER/journeymap@5.9.0/journeymap.client.model.EntityDTO.update(EntityDTO.java:254)
	at TRANSFORMER/journeymap@5.9.0/journeymap.client.model.EntityHelper.getEntitiesNearby(EntityHelper.java:85)
	at TRANSFORMER/journeymap@5.9.0/journeymap.client.model.EntityHelper.getMobsNearby(EntityHelper.java:132)
	at TRANSFORMER/journeymap@5.9.0/journeymap.client.data.MobsData.load(MobsData.java:34)
	at TRANSFORMER/journeymap@5.9.0/journeymap.client.data.MobsData.load(MobsData.java:24)
	at MC-BOOTSTRAP/com.google.common@31.0.1-jre/com.google.common.cache.LocalCache$LoadingValueReference.loadFuture(LocalCache.java:3533)
	at MC-BOOTSTRAP/com.google.common@31.0.1-jre/com.google.common.cache.LocalCache$Segment.loadSync(LocalCache.java:2282)
	at MC-BOOTSTRAP/com.google.common@31.0.1-jre/com.google.common.cache.LocalCache$Segment.lockedGetOrLoad(LocalCache.java:2159)
	at MC-BOOTSTRAP/com.google.common@31.0.1-jre/com.google.common.cache.LocalCache$Segment.get(LocalCache.java:2049)
	at MC-BOOTSTRAP/com.google.common@31.0.1-jre/com.google.common.cache.LocalCache.get(LocalCache.java:3966)
	at MC-BOOTSTRAP/com.google.common@31.0.1-jre/com.google.common.cache.LocalCache.getOrLoad(LocalCache.java:3989)
	at MC-BOOTSTRAP/com.google.common@31.0.1-jre/com.google.common.cache.LocalCache$LocalLoadingCache.get(LocalCache.java:4950)
	at TRANSFORMER/journeymap@5.9.0/journeymap.client.data.DataCache.getMobs(DataCache.java:318)
	at TRANSFORMER/journeymap@5.9.0/journeymap.client.model.MapState.generateDrawSteps(MapState.java:463)
	at TRANSFORMER/journeymap@5.9.0/journeymap.client.ui.minimap.MiniMap.drawMap(MiniMap.java:263)
	at TRANSFORMER/journeymap@5.9.0/journeymap.client.ui.minimap.MiniMap.drawMap(MiniMap.java:198)
	at TRANSFORMER/journeymap@5.9.0/journeymap.client.ui.UIManager.drawMiniMap(UIManager.java:340)
	at TRANSFORMER/journeymap@5.9.0/journeymap.client.event.handlers.HudOverlayHandler.onRenderOverlay(HudOverlayHandler.java:90)
	at TRANSFORMER/journeymap@5.9.0/journeymap.client.event.forge.ForgeHudOverlayEvents.preOverlay(ForgeHudOverlayEvents.java:46)
	at TRANSFORMER/journeymap@5.9.0/journeymap.client.event.forge.__ForgeHudOverlayEvents_preOverlay_Pre.invoke(.dynamic)
	at MC-BOOTSTRAP/net.minecraftforge.eventbus/net.minecraftforge.eventbus.ASMEventHandler.invoke(ASMEventHandler.java:73)
	at MC-BOOTSTRAP/net.minecraftforge.eventbus/net.minecraftforge.eventbus.EventBus.post(EventBus.java:315)
	at MC-BOOTSTRAP/net.minecraftforge.eventbus/net.minecraftforge.eventbus.EventBus.post(EventBus.java:296)
	at TRANSFORMER/forge@43.1.55/net.minecraftforge.client.gui.overlay.ForgeGui.m_93030_(ForgeGui.java:127)
	at TRANSFORMER/minecraft@1.19.2/net.minecraft.client.renderer.GameRenderer.m_109093_(GameRenderer.java:876)
	at TRANSFORMER/minecraft@1.19.2/net.minecraft.client.Minecraft.m_91383_(Minecraft.java:1115)
	at TRANSFORMER/minecraft@1.19.2/net.minecraft.client.Minecraft.m_91374_(Minecraft.java:700)
	at TRANSFORMER/minecraft@1.19.2/net.minecraft.client.main.Main.m_239872_(Main.java:212)
	at TRANSFORMER/minecraft@1.19.2/net.minecraft.client.main.Main.main(Main.java:51)
	at java.base/jdk.internal.reflect.NativeMethodAccessorImpl.invoke0(Native Method)
	at java.base/jdk.internal.reflect.NativeMethodAccessorImpl.invoke(NativeMethodAccessorImpl.java:77)
	at java.base/jdk.internal.reflect.DelegatingMethodAccessorImpl.invoke(DelegatingMethodAccessorImpl.java:43)
	at java.base/java.lang.reflect.Method.invoke(Method.java:568)
	at MC-BOOTSTRAP/fmlloader@1.19.2-43.1.55/net.minecraftforge.fml.loading.targets.CommonClientLaunchHandler.lambda$launchService$0(CommonClientLaunchHandler.java:27)
	at MC-BOOTSTRAP/cpw.mods.modlauncher@10.0.8/cpw.mods.modlauncher.LaunchServiceHandlerDecorator.launch(LaunchServiceHandlerDecorator.java:30)
	at MC-BOOTSTRAP/cpw.mods.modlauncher@10.0.8/cpw.mods.modlauncher.LaunchServiceHandler.launch(LaunchServiceHandler.java:53)
	at MC-BOOTSTRAP/cpw.mods.modlauncher@10.0.8/cpw.mods.modlauncher.LaunchServiceHandler.launch(LaunchServiceHandler.java:71)
	at MC-BOOTSTRAP/cpw.mods.modlauncher@10.0.8/cpw.mods.modlauncher.Launcher.run(Launcher.java:106)
	at MC-BOOTSTRAP/cpw.mods.modlauncher@10.0.8/cpw.mods.modlauncher.Launcher.main(Launcher.java:77)
	at MC-BOOTSTRAP/cpw.mods.modlauncher@10.0.8/cpw.mods.modlauncher.BootstrapLaunchConsumer.accept(BootstrapLaunchConsumer.java:26)
	at MC-BOOTSTRAP/cpw.mods.modlauncher@10.0.8/cpw.mods.modlauncher.BootstrapLaunchConsumer.accept(BootstrapLaunchConsumer.java:23)
	at cpw.mods.bootstraplauncher@1.1.2/cpw.mods.bootstraplauncher.BootstrapLauncher.main(BootstrapLauncher.java:141)

[23:36:48] [Render thread/WARN] [JMLogger] Can't get entityTexture for creeperoverhaul:textures/entity_icon/plains/plains_creeper.png
[23:38:07] [Render thread/WARN] [JMLogger] Can't get entityTexture for creeperoverhaul:textures/entity_icon/beach/beach_creeper.png
[00:13:58] [Render thread/INFO] [JourneymapClient] Mapping halted in C:\Users\user\curseforge\minecraft\Instances\Builders and Towns\journeymap\data\sp\New World\minecraft:overworld
[00:14:00] [Render thread/INFO] [WaypointStore] Loaded 1 waypoints from C:\Users\user\curseforge\minecraft\Instances\Builders and Towns\journeymap\data\sp\New World\waypoints
[00:14:00] [Render thread/INFO] [JourneymapClient] Mapping started in C:\Users\user\curseforge\minecraft\Instances\Builders and Towns\journeymap\data\sp\New World\the_end. Memory: 6592MB total, 3678MB free 
[00:14:20] [Render thread/WARN] [JMLogger] Can't get entityTexture for weirdmobs:textures/entity_icon/ender_blaze.png
[00:17:02] [Render thread/INFO] [JourneymapClient] Mapping halted in C:\Users\user\curseforge\minecraft\Instances\Builders and Towns\journeymap\data\mp\offline\minecraft:the_end
